Using pre-set license
Built from '2022.3/staging' branch; Version is '2022.3.10f1 (ff3792e53c62) revision 16725906'; Using compiler version '192829333'; Build Type 'Release'
OS: 'Windows 11  (10.0.22631) 64bit Core' Language: 'en' Physical Memory: 16088 MB
BatchMode: 1, IsHumanControllingUs: 0, StartBugReporterOnCrash: 0, Is64bit: 1, IsPro: 1

COMMAND LINE ARGUMENTS:
C:\Program Files\Unity\Hub\Editor\2022.3.10f1\Editor\Unity.exe
-adb2
-batchMode
-noUpm
-name
AssetImportWorker1
-projectPath
C:/Users/Chris/Unity/School/PhysicsCourseAssignment
-logFile
Logs/AssetImportWorker1.log
-srvPort
64402
Successfully changed project path to: C:/Users/Chris/Unity/School/PhysicsCourseAssignment
C:/Users/Chris/Unity/School/PhysicsCourseAssignment
[UnityMemory] Configuration Parameters - Can be set up in boot.config
    "memorysetup-bucket-allocator-granularity=16"
    "memorysetup-bucket-allocator-bucket-count=8"
    "memorysetup-bucket-allocator-block-size=33554432"
    "memorysetup-bucket-allocator-block-count=8"
    "memorysetup-main-allocator-block-size=16777216"
    "memorysetup-thread-allocator-block-size=16777216"
    "memorysetup-gfx-main-allocator-block-size=16777216"
    "memorysetup-gfx-thread-allocator-block-size=16777216"
    "memorysetup-cache-allocator-block-size=4194304"
    "memorysetup-typetree-allocator-block-size=2097152"
    "memorysetup-profiler-bucket-allocator-granularity=16"
    "memorysetup-profiler-bucket-allocator-bucket-count=8"
    "memorysetup-profiler-bucket-allocator-block-size=33554432"
    "memorysetup-profiler-bucket-allocator-block-count=8"
    "memorysetup-profiler-allocator-block-size=16777216"
    "memorysetup-profiler-editor-allocator-block-size=1048576"
    "memorysetup-temp-allocator-size-main=16777216"
    "memorysetup-job-temp-allocator-block-size=2097152"
    "memorysetup-job-temp-allocator-block-size-background=1048576"
    "memorysetup-job-temp-allocator-reduction-small-platforms=262144"
    "memorysetup-allocator-temp-initial-block-size-main=262144"
    "memorysetup-allocator-temp-initial-block-size-worker=262144"
    "memorysetup-temp-allocator-size-background-worker=32768"
    "memorysetup-temp-allocator-size-job-worker=262144"
    "memorysetup-temp-allocator-size-preload-manager=33554432"
    "memorysetup-temp-allocator-size-nav-mesh-worker=65536"
    "memorysetup-temp-allocator-size-audio-worker=65536"
    "memorysetup-temp-allocator-size-cloud-worker=32768"
    "memorysetup-temp-allocator-size-gi-baking-worker=262144"
    "memorysetup-temp-allocator-size-gfx=262144"
Player connection [12960] Host "[IP] 25.46.115.154 [Port] 0 [Flags] 2 [Guid] 2944953941 [EditorId] 2944953941 [Version] 1048832 [Id] WindowsEditor(7,Laptop) [Debug] 1 [PackageName] WindowsEditor [ProjectName] Editor" joined multi-casting on [225.0.0.222:54997]...

Player connection [12960] Host "[IP] 25.46.115.154 [Port] 0 [Flags] 2 [Guid] 2944953941 [EditorId] 2944953941 [Version] 1048832 [Id] WindowsEditor(7,Laptop) [Debug] 1 [PackageName] WindowsEditor [ProjectName] Editor" joined alternative multi-casting on [225.0.0.222:34997]...

[Physics::Module] Initialized MultithreadedJobDispatcher with 15 workers.
Refreshing native plugins compatible for Editor in 17.78 ms, found 3 plugins.
Preloading 0 native plugins for Editor in 0.00 ms.
Initialize engine version: 2022.3.10f1 (ff3792e53c62)
[Subsystems] Discovering subsystems at path C:/Program Files/Unity/Hub/Editor/2022.3.10f1/Editor/Data/Resources/UnitySubsystems
[Subsystems] Discovering subsystems at path C:/Users/Chris/Unity/School/PhysicsCourseAssignment/Assets
GfxDevice: creating device client; threaded=0; jobified=0
Direct3D:
    Version:  Direct3D 11.0 [level 11.1]
    Renderer: NVIDIA GeForce RTX 3050 Laptop GPU (ID=0x25a2)
    Vendor:   NVIDIA
    VRAM:     3993 MB
    Driver:   31.0.15.1640
Initialize mono
Mono path[0] = 'C:/Program Files/Unity/Hub/Editor/2022.3.10f1/Editor/Data/Managed'
Mono path[1] = 'C:/Program Files/Unity/Hub/Editor/2022.3.10f1/Editor/Data/MonoBleedingEdge/lib/mono/unityjit-win32'
Mono config path = 'C:/Program Files/Unity/Hub/Editor/2022.3.10f1/Editor/Data/MonoBleedingEdge/etc'
Using monoOptions --debugger-agent=transport=dt_socket,embedding=1,server=y,suspend=n,address=127.0.0.1:56700
Begin MonoManager ReloadAssembly
Registering precompiled unity dll's ...
Register platform support module: C:/Program Files/Unity/Hub/Editor/2022.3.10f1/Editor/Data/PlaybackEngines/WindowsStandaloneSupport/UnityEditor.WindowsStandalone.Extensions.dll
Registered in 0.016637 seconds.
- Loaded All Assemblies, in  0.794 seconds
Native extension for WindowsStandalone target not found
Mono: successfully reloaded assembly
- Finished resetting the current domain, in  0.589 seconds
Domain Reload Profiling: 1379ms
	BeginReloadAssembly (271ms)
		ExecutionOrderSort (0ms)
		DisableScriptedObjects (0ms)
		BackupInstance (0ms)
		ReleaseScriptingObjects (0ms)
		CreateAndSetChildDomain (2ms)
	RebuildCommonClasses (76ms)
	RebuildNativeTypeToScriptingClass (20ms)
	initialDomainReloadingComplete (125ms)
	LoadAllAssembliesAndSetupDomain (298ms)
		LoadAssemblies (264ms)
		RebuildTransferFunctionScriptingTraits (0ms)
		AnalyzeDomain (294ms)
			TypeCache.Refresh (288ms)
				TypeCache.ScanAssembly (258ms)
			ScanForSourceGeneratedMonoScriptInfo (1ms)
			ResolveRequiredComponents (3ms)
	FinalizeReload (590ms)
		ReleaseScriptCaches (0ms)
		RebuildScriptCaches (0ms)
		SetupLoadedEditorAssemblies (448ms)
			LogAssemblyErrors (0ms)
			InitializePlatformSupportModulesInManaged (23ms)
			SetLoadedEditorAssemblies (16ms)
			RefreshPlugins (0ms)
			BeforeProcessingInitializeOnLoad (4ms)
			ProcessInitializeOnLoadAttributes (299ms)
			ProcessInitializeOnLoadMethodAttributes (106ms)
			AfterProcessingInitializeOnLoad (0ms)
			EditorAssembliesLoaded (0ms)
		ExecutionOrderSort2 (0ms)
		AwakeInstancesAfterBackupRestoration (0ms)
========================================================================
Worker process is ready to serve import requests
Begin MonoManager ReloadAssembly
- Loaded All Assemblies, in  1.169 seconds
Refreshing native plugins compatible for Editor in 6.57 ms, found 3 plugins.
Native extension for WindowsStandalone target not found
Package Manager log level set to [2]
[Package Manager] Server::EnsureServerProcessIsRunning -- launch failed, reason: Unity was launched with the -noUpm command-line argument
[Package Manager] UpmClient::Send -- Unable to send message (not connected to UPM process).
[Package Manager] Cannot connect to Unity Package Manager local server
Mono: successfully reloaded assembly
- Finished resetting the current domain, in  1.348 seconds
Domain Reload Profiling: 2514ms
	BeginReloadAssembly (334ms)
		ExecutionOrderSort (0ms)
		DisableScriptedObjects (18ms)
		BackupInstance (0ms)
		ReleaseScriptingObjects (0ms)
		CreateAndSetChildDomain (36ms)
	RebuildCommonClasses (51ms)
	RebuildNativeTypeToScriptingClass (14ms)
	initialDomainReloadingComplete (66ms)
	LoadAllAssembliesAndSetupDomain (700ms)
		LoadAssemblies (557ms)
		RebuildTransferFunctionScriptingTraits (0ms)
		AnalyzeDomain (307ms)
			TypeCache.Refresh (270ms)
				TypeCache.ScanAssembly (249ms)
			ScanForSourceGeneratedMonoScriptInfo (29ms)
			ResolveRequiredComponents (6ms)
	FinalizeReload (1349ms)
		ReleaseScriptCaches (0ms)
		RebuildScriptCaches (0ms)
		SetupLoadedEditorAssemblies (1054ms)
			LogAssemblyErrors (0ms)
			InitializePlatformSupportModulesInManaged (12ms)
			SetLoadedEditorAssemblies (4ms)
			RefreshPlugins (0ms)
			BeforeProcessingInitializeOnLoad (99ms)
			ProcessInitializeOnLoadAttributes (898ms)
			ProcessInitializeOnLoadMethodAttributes (33ms)
			AfterProcessingInitializeOnLoad (9ms)
			EditorAssembliesLoaded (0ms)
		ExecutionOrderSort2 (0ms)
		AwakeInstancesAfterBackupRestoration (10ms)
Launched and connected shader compiler UnityShaderCompiler.exe after 0.16 seconds
Refreshing native plugins compatible for Editor in 8.71 ms, found 3 plugins.
Preloading 0 native plugins for Editor in 0.00 ms.
Unloading 3664 Unused Serialized files (Serialized files now loaded: 0)
Unloading 51 unused Assets / (131.8 KB). Loaded Objects now: 4133.
Memory consumption went from 138.3 MB to 138.2 MB.
Total: 7.564400 ms (FindLiveObjects: 0.417200 ms CreateObjectMapping: 0.360200 ms MarkObjects: 6.365700 ms  DeleteObjects: 0.418900 ms)

AssetImportParameters requested are different than current active one (requested -> active):
  custom:container-demuxer-ogg: 62fdf1f143b41e24485cea50d1cbac27 -> 
  custom:video-decoder-ogg-theora: a1e56fd34408186e4bbccfd4996cb3dc -> 
  custom:framework-win-MediaFoundation: 216162199b28c13a410421893ffa2e32 -> 
  custom:CustomObjectIndexerAttribute: 756ad292c208cfabdd7b50bc23989ffe -> 
  custom:container-demuxer-webm: 4f35f7cbe854078d1ac9338744f61a02 -> 
  custom:container-muxer-webm: aa71ff27fc2769a1b78a27578f13a17b -> 
  custom:video-decoder-webm-vp8: 9c59270c3fd7afecdb556c50c9e8de78 -> 
  custom:SearchIndexIgnoredProperties: e643bd26f0fe6173181afceb89e7c659 -> 
  custom:AudioImporter_EditorPlatform: d09bf68614088b80899f8185d706f6e7 -> 
  custom:video-encoder-webm-vp8: eb34c28f22e8b96e1ab97ce403110664 -> 
  custom:audio-decoder-ogg-vorbis: bf7c407c2cedff20999df2af8eb42d56 -> 
  custom:audio-encoder-webm-vorbis: bf7c407c2cedff20999df2af8eb42d56 -> 
========================================================================
Received Import Request.
  Time since last request: 331203.262037 seconds.
  path: Assets/ZRNAssets/005339_08932_25_14/Textures/005339_08932_25_14_0.png
  artifactKey: Guid(7e44dccf031ee44fe8512a94d298e3aa) Importer(815301076,1909f56bfc062723c751e8b465ee728b)
Start importing Assets/ZRNAssets/005339_08932_25_14/Textures/005339_08932_25_14_0.png using Guid(7e44dccf031ee44fe8512a94d298e3aa) Importer(815301076,1909f56bfc062723c751e8b465ee728b)  -> (artifact id: '2853de72e04ba158c81370fd414f07f8') in 0.226387 seconds
Number of updated asset objects reloaded before import = 0
Number of asset objects unloaded after import = 2
========================================================================
Received Import Request.
  Time since last request: 31.827645 seconds.
  path: Assets/ZRNAssets/005339_08932_25_14/Textures/005339_08932_25_14_10.png
  artifactKey: Guid(2d1d894f071664026b7e5bd8dc93c77e) Importer(815301076,1909f56bfc062723c751e8b465ee728b)
Start importing Assets/ZRNAssets/005339_08932_25_14/Textures/005339_08932_25_14_10.png using Guid(2d1d894f071664026b7e5bd8dc93c77e) Importer(815301076,1909f56bfc062723c751e8b465ee728b)  -> (artifact id: '22d51637ef75198223e01e0c81543fa4') in 0.033196 seconds
Number of updated asset objects reloaded before import = 0
Number of asset objects unloaded after import = 2
========================================================================
Received Import Request.
  Time since last request: 0.000027 seconds.
  path: Assets/ZRNAssets/005339_08932_25_14/Textures/005339_08932_25_14_12.png
  artifactKey: Guid(57f576a2cd568420c84ee39f62bde402) Importer(815301076,1909f56bfc062723c751e8b465ee728b)
Start importing Assets/ZRNAssets/005339_08932_25_14/Textures/005339_08932_25_14_12.png using Guid(57f576a2cd568420c84ee39f62bde402) Importer(815301076,1909f56bfc062723c751e8b465ee728b)  -> (artifact id: '7f37251543b040883659ac2f01eb9475') in 0.034397 seconds
Number of updated asset objects reloaded before import = 0
Number of asset objects unloaded after import = 2
========================================================================
Received Import Request.
  Time since last request: 0.343318 seconds.
  path: Assets/ZRNAssets/005339_08932_25_14/Textures/005339_08932_25_14_16.png
  artifactKey: Guid(d5d72b6fa1ae4451db9f7954b39cc84a) Importer(815301076,1909f56bfc062723c751e8b465ee728b)
Start importing Assets/ZRNAssets/005339_08932_25_14/Textures/005339_08932_25_14_16.png using Guid(d5d72b6fa1ae4451db9f7954b39cc84a) Importer(815301076,1909f56bfc062723c751e8b465ee728b)  -> (artifact id: '09ed3d035dfb4462d78c3df058f7c6f0') in 0.059926 seconds
Number of updated asset objects reloaded before import = 0
Number of asset objects unloaded after import = 2
========================================================================
Received Import Request.
  Time since last request: 0.017994 seconds.
  path: Assets/ZRNAssets/005339_08932_25_14/Textures/005339_08932_25_14_21.png
  artifactKey: Guid(145a029bcb9934b8aa0e53f5523f47b4) Importer(815301076,1909f56bfc062723c751e8b465ee728b)
Start importing Assets/ZRNAssets/005339_08932_25_14/Textures/005339_08932_25_14_21.png using Guid(145a029bcb9934b8aa0e53f5523f47b4) Importer(815301076,1909f56bfc062723c751e8b465ee728b)  -> (artifact id: '02a038f388bd78eaca159518d767f605') in 0.041419 seconds
Number of updated asset objects reloaded before import = 0
Number of asset objects unloaded after import = 2
========================================================================
Received Import Request.
  Time since last request: 0.034727 seconds.
  path: Assets/ZRNAssets/005339_08932_25_14/Textures/005339_08932_25_14_24.png
  artifactKey: Guid(9305c8ca8b23a42fcab9d4608d10c9c4) Importer(815301076,1909f56bfc062723c751e8b465ee728b)
Start importing Assets/ZRNAssets/005339_08932_25_14/Textures/005339_08932_25_14_24.png using Guid(9305c8ca8b23a42fcab9d4608d10c9c4) Importer(815301076,1909f56bfc062723c751e8b465ee728b)  -> (artifact id: '235ed2ae2b6fde4c650f172ae236d145') in 0.040639 seconds
Number of updated asset objects reloaded before import = 0
Number of asset objects unloaded after import = 2
========================================================================
Received Import Request.
  Time since last request: 0.209462 seconds.
  path: Assets/ZRNAssets/005339_08932_25_14/Textures/005339_08932_25_14_30.png
  artifactKey: Guid(6600a6dff6743428089cae587dd17e61) Importer(815301076,1909f56bfc062723c751e8b465ee728b)
Start importing Assets/ZRNAssets/005339_08932_25_14/Textures/005339_08932_25_14_30.png using Guid(6600a6dff6743428089cae587dd17e61) Importer(815301076,1909f56bfc062723c751e8b465ee728b)  -> (artifact id: '31155e445ffb479dc5b9286404233917') in 0.043616 seconds
Number of updated asset objects reloaded before import = 0
Number of asset objects unloaded after import = 2
========================================================================
Received Import Request.
  Time since last request: 0.277763 seconds.
  path: Assets/ZRNAssets/005339_08932_25_14/Textures/005339_08932_25_14_38.png
  artifactKey: Guid(b8fd0684b57864587898a3e4f85d292e) Importer(815301076,1909f56bfc062723c751e8b465ee728b)
Start importing Assets/ZRNAssets/005339_08932_25_14/Textures/005339_08932_25_14_38.png using Guid(b8fd0684b57864587898a3e4f85d292e) Importer(815301076,1909f56bfc062723c751e8b465ee728b)  -> (artifact id: 'eedb0774e9ab15b97b407bb87fabae8a') in 0.030679 seconds
Number of updated asset objects reloaded before import = 0
Number of asset objects unloaded after import = 2
========================================================================
Received Import Request.
  Time since last request: 0.065774 seconds.
  path: Assets/ZRNAssets/005339_08932_25_14/Textures/005339_08932_25_14_44.png
  artifactKey: Guid(911944318863d4fcaa0ee9c46683e5b6) Importer(815301076,1909f56bfc062723c751e8b465ee728b)
Start importing Assets/ZRNAssets/005339_08932_25_14/Textures/005339_08932_25_14_44.png using Guid(911944318863d4fcaa0ee9c46683e5b6) Importer(815301076,1909f56bfc062723c751e8b465ee728b)  -> (artifact id: 'afac13848ec1a4a1f9524a57149a4a88') in 0.035026 seconds
Number of updated asset objects reloaded before import = 0
Number of asset objects unloaded after import = 2
========================================================================
Received Import Request.
  Time since last request: 0.163308 seconds.
  path: Assets/ZRNAssets/005339_08932_25_14/Textures/005339_08932_25_14_50.png
  artifactKey: Guid(c26681212b9724b6792ff10f0eb70b23) Importer(815301076,1909f56bfc062723c751e8b465ee728b)
Start importing Assets/ZRNAssets/005339_08932_25_14/Textures/005339_08932_25_14_50.png using Guid(c26681212b9724b6792ff10f0eb70b23) Importer(815301076,1909f56bfc062723c751e8b465ee728b)  -> (artifact id: '39a51f87d298c64b5e4832e5dc0af973') in 0.030283 seconds
Number of updated asset objects reloaded before import = 0
Number of asset objects unloaded after import = 2
========================================================================
Received Import Request.
  Time since last request: 0.070338 seconds.
  path: Assets/ZRNAssets/005339_08932_25_14/Textures/005339_08932_25_14_56.png
  artifactKey: Guid(5753eec26c17e461eaaaea5793678816) Importer(815301076,1909f56bfc062723c751e8b465ee728b)
Start importing Assets/ZRNAssets/005339_08932_25_14/Textures/005339_08932_25_14_56.png using Guid(5753eec26c17e461eaaaea5793678816) Importer(815301076,1909f56bfc062723c751e8b465ee728b)  -> (artifact id: '3cf78cdb29aec370a0501287cb348129') in 0.041883 seconds
Number of updated asset objects reloaded before import = 0
Number of asset objects unloaded after import = 2
========================================================================
Received Import Request.
  Time since last request: 0.131464 seconds.
  path: Assets/ZRNAssets/005339_08932_25_14/Textures/005339_08932_25_14_60.png
  artifactKey: Guid(e9e784b634ead4ce698aa93d5ef41114) Importer(815301076,1909f56bfc062723c751e8b465ee728b)
Start importing Assets/ZRNAssets/005339_08932_25_14/Textures/005339_08932_25_14_60.png using Guid(e9e784b634ead4ce698aa93d5ef41114) Importer(815301076,1909f56bfc062723c751e8b465ee728b)  -> (artifact id: 'd8587386470c80ec4acff598a2481ca2') in 0.036104 seconds
Number of updated asset objects reloaded before import = 0
Number of asset objects unloaded after import = 2
========================================================================
Received Import Request.
  Time since last request: 0.036696 seconds.
  path: Assets/ZRNAssets/005339_08932_25_14/Textures/005339_08932_25_14_64.png
  artifactKey: Guid(e92ac09e76129493bad198cdd1561c0a) Importer(815301076,1909f56bfc062723c751e8b465ee728b)
Start importing Assets/ZRNAssets/005339_08932_25_14/Textures/005339_08932_25_14_64.png using Guid(e92ac09e76129493bad198cdd1561c0a) Importer(815301076,1909f56bfc062723c751e8b465ee728b)  -> (artifact id: '4f0f0a26c8c257b36c3f04f81c1e1630') in 0.033768 seconds
Number of updated asset objects reloaded before import = 0
Number of asset objects unloaded after import = 2
========================================================================
Received Import Request.
  Time since last request: 0.009829 seconds.
  path: Assets/ZRNAssets/005339_08932_25_14/Textures/005339_08932_25_14_68.png
  artifactKey: Guid(c4000fbed775f49af942261874efe1fd) Importer(815301076,1909f56bfc062723c751e8b465ee728b)
Start importing Assets/ZRNAssets/005339_08932_25_14/Textures/005339_08932_25_14_68.png using Guid(c4000fbed775f49af942261874efe1fd) Importer(815301076,1909f56bfc062723c751e8b465ee728b)  -> (artifact id: '02beb4e1cf6c585b541871794ad34cda') in 0.033786 seconds
Number of updated asset objects reloaded before import = 0
Number of asset objects unloaded after import = 2
========================================================================
Received Import Request.
  Time since last request: 0.132331 seconds.
  path: Assets/ZRNAssets/005339_08932_25_14/Textures/005339_08932_25_14_72.png
  artifactKey: Guid(2891f4dd9771d4e2287e4e7d6596bc07) Importer(815301076,1909f56bfc062723c751e8b465ee728b)
Start importing Assets/ZRNAssets/005339_08932_25_14/Textures/005339_08932_25_14_72.png using Guid(2891f4dd9771d4e2287e4e7d6596bc07) Importer(815301076,1909f56bfc062723c751e8b465ee728b)  -> (artifact id: '5945a45220a82e63d72ae9051fe66017') in 0.040591 seconds
Number of updated asset objects reloaded before import = 0
Number of asset objects unloaded after import = 2
========================================================================
Received Import Request.
  Time since last request: 0.045658 seconds.
  path: Assets/ZRNAssets/005339_08932_25_14/Textures/005339_08932_25_14_76.png
  artifactKey: Guid(db351f818ef054d2ab3288935e4b4d57) Importer(815301076,1909f56bfc062723c751e8b465ee728b)
Start importing Assets/ZRNAssets/005339_08932_25_14/Textures/005339_08932_25_14_76.png using Guid(db351f818ef054d2ab3288935e4b4d57) Importer(815301076,1909f56bfc062723c751e8b465ee728b)  -> (artifact id: '405fc8140de5b63a65bd8579d8b1d4eb') in 0.034585 seconds
Number of updated asset objects reloaded before import = 0
Number of asset objects unloaded after import = 2
========================================================================
Received Import Request.
  Time since last request: 0.010692 seconds.
  path: Assets/ZRNAssets/005339_08932_25_14/Textures/005339_08932_25_14_80.png
  artifactKey: Guid(995d51dce62064e38b9915469ac00f12) Importer(815301076,1909f56bfc062723c751e8b465ee728b)
Start importing Assets/ZRNAssets/005339_08932_25_14/Textures/005339_08932_25_14_80.png using Guid(995d51dce62064e38b9915469ac00f12) Importer(815301076,1909f56bfc062723c751e8b465ee728b)  -> (artifact id: 'c987f9659d611ee409e430de11c9c672') in 0.039728 seconds
Number of updated asset objects reloaded before import = 0
Number of asset objects unloaded after import = 2
========================================================================
Received Import Request.
  Time since last request: 0.110545 seconds.
  path: Assets/ZRNAssets/005339_08932_25_14/Textures/005339_08932_25_14_84.png
  artifactKey: Guid(734526757469748bca07492b410eb097) Importer(815301076,1909f56bfc062723c751e8b465ee728b)
Start importing Assets/ZRNAssets/005339_08932_25_14/Textures/005339_08932_25_14_84.png using Guid(734526757469748bca07492b410eb097) Importer(815301076,1909f56bfc062723c751e8b465ee728b)  -> (artifact id: '71e9721d58754189e791b90f47ebb077') in 0.038008 seconds
Number of updated asset objects reloaded before import = 0
Number of asset objects unloaded after import = 2
========================================================================
Received Import Request.
  Time since last request: 0.042228 seconds.
  path: Assets/ZRNAssets/005339_08932_25_14/Textures/005339_08932_25_14_88.png
  artifactKey: Guid(1fe4a759d5711464fb1841e863988313) Importer(815301076,1909f56bfc062723c751e8b465ee728b)
Start importing Assets/ZRNAssets/005339_08932_25_14/Textures/005339_08932_25_14_88.png using Guid(1fe4a759d5711464fb1841e863988313) Importer(815301076,1909f56bfc062723c751e8b465ee728b)  -> (artifact id: 'bcba3dc0555148e7e224ed9697a5465d') in 0.033733 seconds
Number of updated asset objects reloaded before import = 0
Number of asset objects unloaded after import = 2
========================================================================
Received Import Request.
  Time since last request: 0.000979 seconds.
  path: Assets/ZRNAssets/005339_08932_25_14/Textures/005339_08932_25_14_91.png
  artifactKey: Guid(6750ae51de502419994df6e8fec043ed) Importer(815301076,1909f56bfc062723c751e8b465ee728b)
Start importing Assets/ZRNAssets/005339_08932_25_14/Textures/005339_08932_25_14_91.png using Guid(6750ae51de502419994df6e8fec043ed) Importer(815301076,1909f56bfc062723c751e8b465ee728b)  -> (artifact id: '822b39524fb8f7c5fd2e1ced4d13de38') in 0.033156 seconds
Number of updated asset objects reloaded before import = 0
Number of asset objects unloaded after import = 2
========================================================================
Received Import Request.
  Time since last request: 0.102521 seconds.
  path: Assets/ZRNAssets/005339_08932_25_14/Textures/005339_08932_25_14_96.png
  artifactKey: Guid(003842f2f583e4c88a3a51989170e056) Importer(815301076,1909f56bfc062723c751e8b465ee728b)
Start importing Assets/ZRNAssets/005339_08932_25_14/Textures/005339_08932_25_14_96.png using Guid(003842f2f583e4c88a3a51989170e056) Importer(815301076,1909f56bfc062723c751e8b465ee728b)  -> (artifact id: 'e52329c1d438b817e79f94f3cda59a44') in 0.037107 seconds
Number of updated asset objects reloaded before import = 0
Number of asset objects unloaded after import = 2
========================================================================
Received Import Request.
  Time since last request: 0.065215 seconds.
  path: Assets/ZRNAssets/005339_08932_25_14/Textures/005339_08932_25_14_102.png
  artifactKey: Guid(b50aa976ecbb44401a2770f2b92b3b05) Importer(815301076,1909f56bfc062723c751e8b465ee728b)
Start importing Assets/ZRNAssets/005339_08932_25_14/Textures/005339_08932_25_14_102.png using Guid(b50aa976ecbb44401a2770f2b92b3b05) Importer(815301076,1909f56bfc062723c751e8b465ee728b)  -> (artifact id: '9a0c54b3e55b6fd45b8f1f01091625f2') in 0.029872 seconds
Number of updated asset objects reloaded before import = 0
Number of asset objects unloaded after import = 2
========================================================================
Received Import Request.
  Time since last request: 0.006383 seconds.
  path: Assets/ZRNAssets/005339_08932_25_14/Textures/005339_08932_25_14_106.png
  artifactKey: Guid(b439ea8c6d5c945eea4ccf9545ac2467) Importer(815301076,1909f56bfc062723c751e8b465ee728b)
Start importing Assets/ZRNAssets/005339_08932_25_14/Textures/005339_08932_25_14_106.png using Guid(b439ea8c6d5c945eea4ccf9545ac2467) Importer(815301076,1909f56bfc062723c751e8b465ee728b)  -> (artifact id: '5d8fc29d61238fde26e6133d2266e47b') in 0.034387 seconds
Number of updated asset objects reloaded before import = 0
Number of asset objects unloaded after import = 2
========================================================================
Received Import Request.
  Time since last request: 0.108717 seconds.
  path: Assets/ZRNAssets/005339_08932_25_14/Textures/005339_08932_L_-90129_0_01_01_1.png
  artifactKey: Guid(ff1d1476ddbf64e3f8abf0b0f41096a9) Importer(815301076,1909f56bfc062723c751e8b465ee728b)
Start importing Assets/ZRNAssets/005339_08932_25_14/Textures/005339_08932_L_-90129_0_01_01_1.png using Guid(ff1d1476ddbf64e3f8abf0b0f41096a9) Importer(815301076,1909f56bfc062723c751e8b465ee728b)  -> (artifact id: '828114936df1e7a158b6dd6d6b795b28') in 0.032076 seconds
Number of updated asset objects reloaded before import = 0
Number of asset objects unloaded after import = 2
========================================================================
Received Import Request.
  Time since last request: 0.007220 seconds.
  path: Assets/ZRNAssets/005339_08932_25_14/Textures/005339_08932_L_-90154_0_01_01_12.png
  artifactKey: Guid(a39be8d81c2ae4b00b91ce07eeb0a925) Importer(815301076,1909f56bfc062723c751e8b465ee728b)
Start importing Assets/ZRNAssets/005339_08932_25_14/Textures/005339_08932_L_-90154_0_01_01_12.png using Guid(a39be8d81c2ae4b00b91ce07eeb0a925) Importer(815301076,1909f56bfc062723c751e8b465ee728b)  -> (artifact id: 'e0660061519f22b5e7aa832a33e4f6b7') in 0.036558 seconds
Number of updated asset objects reloaded before import = 0
Number of asset objects unloaded after import = 2
========================================================================
Received Import Request.
  Time since last request: 0.039854 seconds.
  path: Assets/ZRNAssets/005339_08932_25_14/Textures/005339_08932_L_-90200_0_01_01_27.png
  artifactKey: Guid(94d59dd8184b64ffe87565ab16c0f7c8) Importer(815301076,1909f56bfc062723c751e8b465ee728b)
Start importing Assets/ZRNAssets/005339_08932_25_14/Textures/005339_08932_L_-90200_0_01_01_27.png using Guid(94d59dd8184b64ffe87565ab16c0f7c8) Importer(815301076,1909f56bfc062723c751e8b465ee728b)  -> (artifact id: 'd8648f257dd0cab08f948e41f053d6b3') in 0.037464 seconds
Number of updated asset objects reloaded before import = 0
Number of asset objects unloaded after import = 2
========================================================================
Received Import Request.
  Time since last request: 0.176365 seconds.
  path: Assets/ZRNAssets/005339_08932_25_14/Textures/005339_08932_L_-90205_0_01_01_6.png
  artifactKey: Guid(0f24c4a9f1b65431db064dde2b3f1b97) Importer(815301076,1909f56bfc062723c751e8b465ee728b)
Start importing Assets/ZRNAssets/005339_08932_25_14/Textures/005339_08932_L_-90205_0_01_01_6.png using Guid(0f24c4a9f1b65431db064dde2b3f1b97) Importer(815301076,1909f56bfc062723c751e8b465ee728b)  -> (artifact id: 'e9f56ae78d6c5d664ebbfe3656d5f926') in 0.037052 seconds
Number of updated asset objects reloaded before import = 0
Number of asset objects unloaded after import = 2
========================================================================
Received Import Request.
  Time since last request: 0.040823 seconds.
  path: Assets/ZRNAssets/005339_08932_25_14/Textures/005339_08932_L_-90209_0_01_01_6.png
  artifactKey: Guid(ee7cdca8dedb44efca281f92d2233f6d) Importer(815301076,1909f56bfc062723c751e8b465ee728b)
Start importing Assets/ZRNAssets/005339_08932_25_14/Textures/005339_08932_L_-90209_0_01_01_6.png using Guid(ee7cdca8dedb44efca281f92d2233f6d) Importer(815301076,1909f56bfc062723c751e8b465ee728b)  -> (artifact id: '0f508d23b448d96fa9f4973ac2537469') in 0.039993 seconds
Number of updated asset objects reloaded before import = 0
Number of asset objects unloaded after import = 2
========================================================================
Received Prepare
Refreshing native plugins compatible for Editor in 19.53 ms, found 3 plugins.
Preloading 0 native plugins for Editor in 0.00 ms.
Unloading 1 Unused Serialized files (Serialized files now loaded: 0)
Unloading 2 unused Assets / (74.3 KB). Loaded Objects now: 4140.
Memory consumption went from 75.4 MB to 75.3 MB.
Total: 12.046200 ms (FindLiveObjects: 0.421000 ms CreateObjectMapping: 0.768900 ms MarkObjects: 10.478200 ms  DeleteObjects: 0.372000 ms)

Prepare: number of updated asset objects reloaded= 0
AssetImportParameters requested are different than current active one (requested -> active):
  custom:container-demuxer-ogg: 62fdf1f143b41e24485cea50d1cbac27 -> 
  custom:video-decoder-ogg-theora: a1e56fd34408186e4bbccfd4996cb3dc -> 
  custom:framework-win-MediaFoundation: 216162199b28c13a410421893ffa2e32 -> 
  custom:CustomObjectIndexerAttribute: 756ad292c208cfabdd7b50bc23989ffe -> 
  custom:container-demuxer-webm: 4f35f7cbe854078d1ac9338744f61a02 -> 
  custom:container-muxer-webm: aa71ff27fc2769a1b78a27578f13a17b -> 
  custom:video-decoder-webm-vp8: 9c59270c3fd7afecdb556c50c9e8de78 -> 
  custom:SearchIndexIgnoredProperties: e643bd26f0fe6173181afceb89e7c659 -> 
  custom:AudioImporter_EditorPlatform: d09bf68614088b80899f8185d706f6e7 -> 
  custom:video-encoder-webm-vp8: eb34c28f22e8b96e1ab97ce403110664 -> 
  custom:audio-decoder-ogg-vorbis: bf7c407c2cedff20999df2af8eb42d56 -> 
  custom:audio-encoder-webm-vorbis: bf7c407c2cedff20999df2af8eb42d56 -> 
Editor requested this worker to shutdown with reason: Scaling down because of idle timeout
TcpMessagingSession - receive error: operation aborted. errorcode: 995, details: The I/O operation has been aborted because of either a thread exit or an application request.
AssetImportWorker is now disconnected from the server
Process exiting
Exiting without the bug reporter. Application will terminate with return code 0